=================================================================
==49528==ERROR: AddressSanitizer: heap-buffer-overflow on address 0x50200000000c at pc 0x60fedc0858b0 bp 0x7ffd3a304740 sp 0x7ffd3a304738
WRITE of size 4 at 0x50200000000c thread T0
    #0 0x60fedc0858af in main /home/user/asan_study/src/basic/heap_underflow.c:26:16
    #1 0x7c7fce22a1c9 in __libc_start_call_main csu/../sysdeps/nptl/libc_start_call_main.h:58:16
    #2 0x7c7fce22a28a in __libc_start_main csu/../csu/libc-start.c:360:3
    #3 0x60fedbfac354 in _start (/home/user/asan_study/bin/basic/heap_underflow+0x2b354) (BuildId: 71885526b4ba94ab8eb7a058455c12d39279446b)

0x50200000000c is located 4 bytes before 16-byte region [0x502000000010,0x502000000020)
allocated by thread T0 here:
    #0 0x60fedc0471a3 in malloc (/home/user/asan_study/bin/basic/heap_underflow+0xc61a3) (BuildId: 71885526b4ba94ab8eb7a058455c12d39279446b)
    #1 0x60fedc085758 in main /home/user/asan_study/src/basic/heap_underflow.c:11:26
    #2 0x7c7fce22a1c9 in __libc_start_call_main csu/../sysdeps/nptl/libc_start_call_main.h:58:16
    #3 0x7c7fce22a28a in __libc_start_main csu/../csu/libc-start.c:360:3
    #4 0x60fedbfac354 in _start (/home/user/asan_study/bin/basic/heap_underflow+0x2b354) (BuildId: 71885526b4ba94ab8eb7a058455c12d39279446b)

SUMMARY: AddressSanitizer: heap-buffer-overflow /home/user/asan_study/src/basic/heap_underflow.c:26:16 in main
Shadow bytes around the buggy address:
  0x501ffffffd80: 00 00 00 00 00 00 00 00 00 00 00 00 00 00 00 00
  0x501ffffffe00: 00 00 00 00 00 00 00 00 00 00 00 00 00 00 00 00
  0x501ffffffe80: 00 00 00 00 00 00 00 00 00 00 00 00 00 00 00 00
  0x501fffffff00: 00 00 00 00 00 00 00 00 00 00 00 00 00 00 00 00
  0x501fffffff80: 00 00 00 00 00 00 00 00 00 00 00 00 00 00 00 00
=>0x502000000000: fa[fa]00 00 fa fa fa fa fa fa fa fa fa fa fa fa
  0x502000000080: fa fa fa fa fa fa fa fa fa fa fa fa fa fa fa fa
  0x502000000100: fa fa fa fa fa fa fa fa fa fa fa fa fa fa fa fa
  0x502000000180: fa fa fa fa fa fa fa fa fa fa fa fa fa fa fa fa
  0x502000000200: fa fa fa fa fa fa fa fa fa fa fa fa fa fa fa fa
  0x502000000280: fa fa fa fa fa fa fa fa fa fa fa fa fa fa fa fa
Shadow byte legend (one shadow byte represents 8 application bytes):
  Addressable:           00
  Partially addressable: 01 02 03 04 05 06 07 
  Heap left redzone:       fa
  Freed heap region:       fd
  Stack left redzone:      f1
  Stack mid redzone:       f2
  Stack right redzone:     f3
  Stack after return:      f5
  Stack use after scope:   f8
  Global redzone:          f9
  Global init order:       f6
  Poisoned by user:        f7
  Container overflow:      fc
  Array cookie:            ac
  Intra object redzone:    bb
  ASan internal:           fe
  Left alloca redzone:     ca
  Right alloca redzone:    cb
==49528==ABORTING
