=================================================================
==361466==ERROR: AddressSanitizer: heap-buffer-overflow on address 0x502000000020 at pc 0x5894b7c9288d bp 0x7ffea4fb6090 sp 0x7ffea4fb6088
WRITE of size 4 at 0x502000000020 thread T0
    #0 0x5894b7c9288c in main /home/user/asan_study/src/basic/heap_oob.c:21:12
    #1 0x788452e2a1c9 in __libc_start_call_main csu/../sysdeps/nptl/libc_start_call_main.h:58:16
    #2 0x788452e2a28a in __libc_start_main csu/../csu/libc-start.c:360:3
    #3 0x5894b7bb9344 in _start (/home/user/asan_study/bin/basic/heap_oob+0x2b344) (BuildId: 534e9bd72c8282e267dd46d61e8489fd4f455e42)

0x502000000020 is located 0 bytes after 16-byte region [0x502000000010,0x502000000020)
allocated by thread T0 here:
    #0 0x5894b7c54193 in malloc (/home/user/asan_study/bin/basic/heap_oob+0xc6193) (BuildId: 534e9bd72c8282e267dd46d61e8489fd4f455e42)
    #1 0x5894b7c92748 in main /home/user/asan_study/src/basic/heap_oob.c:6:22
    #2 0x788452e2a1c9 in __libc_start_call_main csu/../sysdeps/nptl/libc_start_call_main.h:58:16
    #3 0x788452e2a28a in __libc_start_main csu/../csu/libc-start.c:360:3
    #4 0x5894b7bb9344 in _start (/home/user/asan_study/bin/basic/heap_oob+0x2b344) (BuildId: 534e9bd72c8282e267dd46d61e8489fd4f455e42)

SUMMARY: AddressSanitizer: heap-buffer-overflow /home/user/asan_study/src/basic/heap_oob.c:21:12 in main
Shadow bytes around the buggy address:
  0x501ffffffd80: 00 00 00 00 00 00 00 00 00 00 00 00 00 00 00 00
  0x501ffffffe00: 00 00 00 00 00 00 00 00 00 00 00 00 00 00 00 00
  0x501ffffffe80: 00 00 00 00 00 00 00 00 00 00 00 00 00 00 00 00
  0x501fffffff00: 00 00 00 00 00 00 00 00 00 00 00 00 00 00 00 00
  0x501fffffff80: 00 00 00 00 00 00 00 00 00 00 00 00 00 00 00 00
=>0x502000000000: fa fa 00 00[fa]fa fa fa fa fa fa fa fa fa fa fa
  0x502000000080: fa fa fa fa fa fa fa fa fa fa fa fa fa fa fa fa
  0x502000000100: fa fa fa fa fa fa fa fa fa fa fa fa fa fa fa fa
  0x502000000180: fa fa fa fa fa fa fa fa fa fa fa fa fa fa fa fa
  0x502000000200: fa fa fa fa fa fa fa fa fa fa fa fa fa fa fa fa
  0x502000000280: fa fa fa fa fa fa fa fa fa fa fa fa fa fa fa fa
Shadow byte legend (one shadow byte represents 8 application bytes):
  Addressable:           00
  Partially addressable: 01 02 03 04 05 06 07 
  Heap left redzone:       fa
  Freed heap region:       fd
  Stack left redzone:      f1
  Stack mid redzone:       f2
  Stack right redzone:     f3
  Stack after return:      f5
  Stack use after scope:   f8
  Global redzone:          f9
  Global init order:       f6
  Poisoned by user:        f7
  Container overflow:      fc
  Array cookie:            ac
  Intra object redzone:    bb
  ASan internal:           fe
  Left alloca redzone:     ca
  Right alloca redzone:    cb
==361466==ABORTING
