=================================================================
==52771==ERROR: AddressSanitizer: stack-buffer-overflow on address 0x7641b2000030 at pc 0x580ed9fd5860 bp 0x7ffc1e2d22d0 sp 0x7ffc1e2d22c8
WRITE of size 4 at 0x7641b2000030 thread T0
    #0 0x580ed9fd585f in main /home/user/asan_study/src/basic/stack_oob.c:14:12
    #1 0x7641b402a1c9 in __libc_start_call_main csu/../sysdeps/nptl/libc_start_call_main.h:58:16
    #2 0x7641b402a28a in __libc_start_main csu/../csu/libc-start.c:360:3
    #3 0x580ed9efc344 in _start (/home/user/asan_study/bin/basic/stack_oob+0x2b344) (BuildId: 324828972e70bc21ea1e8ab8e4b47d849aef0ba0)

Address 0x7641b2000030 is located in stack of thread T0 at offset 48 in frame
    #0 0x580ed9fd573f in main /home/user/asan_study/src/basic/stack_oob.c:9

  This frame has 1 object(s):
    [32, 48) 'arr' (line 10) <== Memory access at offset 48 overflows this variable
HINT: this may be a false positive if your program uses some custom stack unwind mechanism, swapcontext or vfork
      (longjmp and C++ exceptions *are* supported)
SUMMARY: AddressSanitizer: stack-buffer-overflow /home/user/asan_study/src/basic/stack_oob.c:14:12 in main
Shadow bytes around the buggy address:
  0x7641b1fffd80: 00 00 00 00 00 00 00 00 00 00 00 00 00 00 00 00
  0x7641b1fffe00: 00 00 00 00 00 00 00 00 00 00 00 00 00 00 00 00
  0x7641b1fffe80: 00 00 00 00 00 00 00 00 00 00 00 00 00 00 00 00
  0x7641b1ffff00: 00 00 00 00 00 00 00 00 00 00 00 00 00 00 00 00
  0x7641b1ffff80: 00 00 00 00 00 00 00 00 00 00 00 00 00 00 00 00
=>0x7641b2000000: f1 f1 f1 f1 00 00[f3]f3 00 00 00 00 00 00 00 00
  0x7641b2000080: 00 00 00 00 00 00 00 00 00 00 00 00 00 00 00 00
  0x7641b2000100: 00 00 00 00 00 00 00 00 00 00 00 00 00 00 00 00
  0x7641b2000180: 00 00 00 00 00 00 00 00 00 00 00 00 00 00 00 00
  0x7641b2000200: 00 00 00 00 00 00 00 00 00 00 00 00 00 00 00 00
  0x7641b2000280: 00 00 00 00 00 00 00 00 00 00 00 00 00 00 00 00
Shadow byte legend (one shadow byte represents 8 application bytes):
  Addressable:           00
  Partially addressable: 01 02 03 04 05 06 07 
  Heap left redzone:       fa
  Freed heap region:       fd
  Stack left redzone:      f1
  Stack mid redzone:       f2
  Stack right redzone:     f3
  Stack after return:      f5
  Stack use after scope:   f8
  Global redzone:          f9
  Global init order:       f6
  Poisoned by user:        f7
  Container overflow:      fc
  Array cookie:            ac
  Intra object redzone:    bb
  ASan internal:           fe
  Left alloca redzone:     ca
  Right alloca redzone:    cb
==52771==ABORTING
