=================================================================
==53692==ERROR: AddressSanitizer: heap-use-after-free on address 0x502000000014 at pc 0x62f5d2df68f9 bp 0x7ffd5589ed00 sp 0x7ffd5589ecf8
WRITE of size 4 at 0x502000000014 thread T0
    #0 0x62f5d2df68f8 in main /home/user/asan_study/src/basic/use_after_free.c:25:15
    #1 0x7eccd962a1c9 in __libc_start_call_main csu/../sysdeps/nptl/libc_start_call_main.h:58:16
    #2 0x7eccd962a28a in __libc_start_main csu/../csu/libc-start.c:360:3
    #3 0x62f5d2d1d354 in _start (/home/user/asan_study/bin/basic/use_after_free+0x2b354) (BuildId: e0baa2b1e93e262dbbd93c95f5c2963472a08502)

0x502000000014 is located 4 bytes inside of 16-byte region [0x502000000010,0x502000000020)
freed by thread T0 here:
    #0 0x62f5d2db7f0a in free (/home/user/asan_study/bin/basic/use_after_free+0xc5f0a) (BuildId: e0baa2b1e93e262dbbd93c95f5c2963472a08502)
    #1 0x62f5d2df68b7 in main /home/user/asan_study/src/basic/use_after_free.c:23:5
    #2 0x7eccd962a1c9 in __libc_start_call_main csu/../sysdeps/nptl/libc_start_call_main.h:58:16
    #3 0x7eccd962a28a in __libc_start_main csu/../csu/libc-start.c:360:3
    #4 0x62f5d2d1d354 in _start (/home/user/asan_study/bin/basic/use_after_free+0x2b354) (BuildId: e0baa2b1e93e262dbbd93c95f5c2963472a08502)

previously allocated by thread T0 here:
    #0 0x62f5d2db81a3 in malloc (/home/user/asan_study/bin/basic/use_after_free+0xc61a3) (BuildId: e0baa2b1e93e262dbbd93c95f5c2963472a08502)
    #1 0x62f5d2df6758 in main /home/user/asan_study/src/basic/use_after_free.c:11:26
    #2 0x7eccd962a1c9 in __libc_start_call_main csu/../sysdeps/nptl/libc_start_call_main.h:58:16
    #3 0x7eccd962a28a in __libc_start_main csu/../csu/libc-start.c:360:3
    #4 0x62f5d2d1d354 in _start (/home/user/asan_study/bin/basic/use_after_free+0x2b354) (BuildId: e0baa2b1e93e262dbbd93c95f5c2963472a08502)

SUMMARY: AddressSanitizer: heap-use-after-free /home/user/asan_study/src/basic/use_after_free.c:25:15 in main
Shadow bytes around the buggy address:
  0x501ffffffd80: 00 00 00 00 00 00 00 00 00 00 00 00 00 00 00 00
  0x501ffffffe00: 00 00 00 00 00 00 00 00 00 00 00 00 00 00 00 00
  0x501ffffffe80: 00 00 00 00 00 00 00 00 00 00 00 00 00 00 00 00
  0x501fffffff00: 00 00 00 00 00 00 00 00 00 00 00 00 00 00 00 00
  0x501fffffff80: 00 00 00 00 00 00 00 00 00 00 00 00 00 00 00 00
=>0x502000000000: fa fa[fd]fd fa fa fa fa fa fa fa fa fa fa fa fa
  0x502000000080: fa fa fa fa fa fa fa fa fa fa fa fa fa fa fa fa
  0x502000000100: fa fa fa fa fa fa fa fa fa fa fa fa fa fa fa fa
  0x502000000180: fa fa fa fa fa fa fa fa fa fa fa fa fa fa fa fa
  0x502000000200: fa fa fa fa fa fa fa fa fa fa fa fa fa fa fa fa
  0x502000000280: fa fa fa fa fa fa fa fa fa fa fa fa fa fa fa fa
Shadow byte legend (one shadow byte represents 8 application bytes):
  Addressable:           00
  Partially addressable: 01 02 03 04 05 06 07 
  Heap left redzone:       fa
  Freed heap region:       fd
  Stack left redzone:      f1
  Stack mid redzone:       f2
  Stack right redzone:     f3
  Stack after return:      f5
  Stack use after scope:   f8
  Global redzone:          f9
  Global init order:       f6
  Poisoned by user:        f7
  Container overflow:      fc
  Array cookie:            ac
  Intra object redzone:    bb
  ASan internal:           fe
  Left alloca redzone:     ca
  Right alloca redzone:    cb
==53692==ABORTING
